2018-12-16 20:23:39,274 [Worker-4: Loading available Gradle versions] INFO  c.g.t.t.d.PublishedGradleVersions - Gradle version information cache is out-of-date. Trying to update.
2018-12-16 21:18:00,012 [Worker-15: Import Getting Started Content] INFO  o.e.m.c.i.l.LifecycleMappingFactory - Using org.eclipse.m2e.jdt.JarLifecycleMapping lifecycle mapping for MavenProject: com.outlook.boole.s:ZapicWebsite:0.0.1-SNAPSHOT @ C:\Users\Crippy\Documents\ZapicWebsite\ZapicWebsite\pom.xml.
2018-12-16 21:18:12,116 [Worker-15: Import Getting Started Content] INFO  o.e.m.j.i.AbstractJavaProjectConfigurator - Adding source folder /ZapicWebsite/src/main/java
2018-12-16 21:18:12,116 [Worker-15: Import Getting Started Content] INFO  o.e.m.j.i.AbstractJavaProjectConfigurator - Adding resource folder /ZapicWebsite/src/main/resources
2018-12-16 21:18:12,149 [Worker-15: Import Getting Started Content] INFO  o.e.m.j.i.AbstractJavaProjectConfigurator - Adding resource folder /ZapicWebsite/src/main/resources
2018-12-16 21:18:12,199 [Worker-15: Import Getting Started Content] INFO  o.e.m.j.i.AbstractJavaProjectConfigurator - Adding source folder /ZapicWebsite/src/test/java
2018-12-16 21:18:25,956 [Worker-15: Import Getting Started Content] INFO  o.e.m.c.i.p.ProjectConfigurationManager - Imported and configured 1 project(s) in 38 sec
2018-12-16 21:18:25,966 [Worker-15: Import Getting Started Content] INFO  o.e.m.c.i.p.ProjectConfigurationManager - Update started
2018-12-16 21:18:27,708 [Worker-15: Import Getting Started Content] INFO  o.e.m.c.i.l.LifecycleMappingFactory - Using org.eclipse.m2e.jdt.JarLifecycleMapping lifecycle mapping for MavenProject: com.outlook.boole.s:ZapicWebsite:0.0.1-SNAPSHOT @ C:\Users\Crippy\Documents\ZapicWebsite\ZapicWebsite\pom.xml.
2018-12-16 21:18:29,748 [Worker-15: Import Getting Started Content] INFO  o.e.m.j.i.AbstractJavaProjectConfigurator - Adding source folder /ZapicWebsite/src/main/java
2018-12-16 21:18:29,756 [Worker-15: Import Getting Started Content] INFO  o.e.m.j.i.AbstractJavaProjectConfigurator - Adding resource folder /ZapicWebsite/src/main/resources
2018-12-16 21:18:29,756 [Worker-15: Import Getting Started Content] INFO  o.e.m.j.i.AbstractJavaProjectConfigurator - Adding resource folder /ZapicWebsite/src/main/resources
2018-12-16 21:18:29,756 [Worker-15: Import Getting Started Content] INFO  o.e.m.j.i.AbstractJavaProjectConfigurator - Adding source folder /ZapicWebsite/src/test/java
2018-12-16 21:18:31,503 [Worker-15: Import Getting Started Content] INFO  o.e.m.c.i.p.ProjectConfigurationManager - Update completed: 5 sec
2018-12-16 21:18:51,964 [Worker-27: Building workspace] INFO  o.e.m.c.i.embedder.EclipseLogger - Using 'UTF-8' encoding to copy filtered resources.
2018-12-16 21:18:51,974 [Worker-27: Building workspace] INFO  o.e.m.c.i.embedder.EclipseLogger - Copying 1 resource
2018-12-16 21:18:52,024 [Worker-27: Building workspace] INFO  o.e.m.c.i.embedder.EclipseLogger - Copying 0 resource
2018-12-16 21:18:52,024 [Worker-27: Building workspace] INFO  o.e.m.c.i.embedder.EclipseLogger - Using 'UTF-8' encoding to copy filtered resources.
2018-12-16 21:18:52,024 [Worker-27: Building workspace] INFO  o.e.m.c.i.embedder.EclipseLogger - skip non existing resourceDirectory C:\Users\Crippy\Documents\ZapicWebsite\ZapicWebsite\src\test\resources
2018-12-16 21:19:31,249 [Worker-15: Building workspace] INFO  o.e.m.c.i.embedder.EclipseLogger - Using 'UTF-8' encoding to copy filtered resources.
2018-12-16 21:19:31,269 [Worker-15: Building workspace] INFO  o.e.m.c.i.embedder.EclipseLogger - Copying 0 resource
2018-12-16 21:19:31,287 [Worker-15: Building workspace] INFO  o.e.m.c.i.embedder.EclipseLogger - Copying 1 resource
2018-12-16 21:19:31,317 [Worker-15: Building workspace] INFO  o.e.m.c.i.embedder.EclipseLogger - Using 'UTF-8' encoding to copy filtered resources.
2018-12-16 21:19:31,317 [Worker-15: Building workspace] INFO  o.e.m.c.i.embedder.EclipseLogger - skip non existing resourceDirectory C:\Users\Crippy\Documents\ZapicWebsite\ZapicWebsite\src\test\resources
2018-12-16 21:20:55,472 [Worker-18: Building workspace] INFO  o.e.m.c.i.embedder.EclipseLogger - Using 'UTF-8' encoding to copy filtered resources.
2018-12-16 21:20:55,472 [Worker-18: Building workspace] INFO  o.e.m.c.i.embedder.EclipseLogger - Copying 0 resource
2018-12-16 21:20:55,472 [Worker-18: Building workspace] INFO  o.e.m.c.i.embedder.EclipseLogger - Copying 0 resource
2018-12-16 21:20:55,487 [Worker-18: Building workspace] INFO  o.e.m.c.i.embedder.EclipseLogger - Using 'UTF-8' encoding to copy filtered resources.
2018-12-16 21:20:55,487 [Worker-18: Building workspace] INFO  o.e.m.c.i.embedder.EclipseLogger - skip non existing resourceDirectory C:\Users\Crippy\Documents\ZapicWebsite\ZapicWebsite\src\test\resources
2018-12-16 21:21:27,156 [Worker-23: Building workspace] INFO  o.e.m.c.i.embedder.EclipseLogger - Using 'UTF-8' encoding to copy filtered resources.
2018-12-16 21:21:27,156 [Worker-23: Building workspace] INFO  o.e.m.c.i.embedder.EclipseLogger - Copying 0 resource
2018-12-16 21:21:27,156 [Worker-23: Building workspace] INFO  o.e.m.c.i.embedder.EclipseLogger - Copying 26 resources
2018-12-16 21:21:27,671 [Worker-23: Building workspace] INFO  o.e.m.c.i.embedder.EclipseLogger - Using 'UTF-8' encoding to copy filtered resources.
2018-12-16 21:21:27,671 [Worker-23: Building workspace] INFO  o.e.m.c.i.embedder.EclipseLogger - skip non existing resourceDirectory C:\Users\Crippy\Documents\ZapicWebsite\ZapicWebsite\src\test\resources
2018-12-16 21:22:56,467 [Worker-23: Building workspace] INFO  o.e.m.c.i.embedder.EclipseLogger - Using 'UTF-8' encoding to copy filtered resources.
2018-12-16 21:22:56,467 [Worker-23: Building workspace] INFO  o.e.m.c.i.embedder.EclipseLogger - Copying 0 resource
2018-12-16 21:22:56,568 [Worker-23: Building workspace] INFO  o.e.m.c.i.embedder.EclipseLogger - Copying 1 resource
2018-12-16 21:22:56,647 [Worker-23: Building workspace] INFO  o.e.m.c.i.embedder.EclipseLogger - Using 'UTF-8' encoding to copy filtered resources.
2018-12-16 21:22:56,669 [Worker-23: Building workspace] INFO  o.e.m.c.i.embedder.EclipseLogger - skip non existing resourceDirectory C:\Users\Crippy\Documents\ZapicWebsite\ZapicWebsite\src\test\resources
2018-12-16 21:24:45,599 [Worker-28: Building workspace] INFO  o.e.m.c.i.embedder.EclipseLogger - Using 'UTF-8' encoding to copy filtered resources.
2018-12-16 21:24:45,640 [Worker-28: Building workspace] INFO  o.e.m.c.i.embedder.EclipseLogger - Copying 0 resource
2018-12-16 21:24:45,660 [Worker-28: Building workspace] INFO  o.e.m.c.i.embedder.EclipseLogger - Copying 0 resource
2018-12-16 21:24:45,821 [Worker-28: Building workspace] INFO  o.e.m.c.i.embedder.EclipseLogger - Using 'UTF-8' encoding to copy filtered resources.
2018-12-16 21:24:45,821 [Worker-28: Building workspace] INFO  o.e.m.c.i.embedder.EclipseLogger - skip non existing resourceDirectory C:\Users\Crippy\Documents\ZapicWebsite\ZapicWebsite\src\test\resources
2018-12-16 21:25:16,472 [Worker-22: Building workspace] INFO  o.e.m.c.i.embedder.EclipseLogger - Using 'UTF-8' encoding to copy filtered resources.
2018-12-16 21:25:16,472 [Worker-22: Building workspace] INFO  o.e.m.c.i.embedder.EclipseLogger - Copying 0 resource
2018-12-16 21:25:16,472 [Worker-22: Building workspace] INFO  o.e.m.c.i.embedder.EclipseLogger - Copying 6 resources
2018-12-16 21:25:16,541 [Worker-22: Building workspace] INFO  o.e.m.c.i.embedder.EclipseLogger - Using 'UTF-8' encoding to copy filtered resources.
2018-12-16 21:25:16,541 [Worker-22: Building workspace] INFO  o.e.m.c.i.embedder.EclipseLogger - skip non existing resourceDirectory C:\Users\Crippy\Documents\ZapicWebsite\ZapicWebsite\src\test\resources
2018-12-16 21:25:40,310 [Worker-25: Building workspace] INFO  o.e.m.c.i.embedder.EclipseLogger - Using 'UTF-8' encoding to copy filtered resources.
2018-12-16 21:25:40,325 [Worker-25: Building workspace] INFO  o.e.m.c.i.embedder.EclipseLogger - Copying 0 resource
2018-12-16 21:25:40,341 [Worker-25: Building workspace] INFO  o.e.m.c.i.embedder.EclipseLogger - Copying 0 resource
2018-12-16 21:25:40,394 [Worker-25: Building workspace] INFO  o.e.m.c.i.embedder.EclipseLogger - Using 'UTF-8' encoding to copy filtered resources.
2018-12-16 21:25:40,394 [Worker-25: Building workspace] INFO  o.e.m.c.i.embedder.EclipseLogger - skip non existing resourceDirectory C:\Users\Crippy\Documents\ZapicWebsite\ZapicWebsite\src\test\resources
2018-12-16 21:25:56,544 [Worker-18: Building workspace] INFO  o.e.m.c.i.embedder.EclipseLogger - Using 'UTF-8' encoding to copy filtered resources.
2018-12-16 21:25:56,544 [Worker-18: Building workspace] INFO  o.e.m.c.i.embedder.EclipseLogger - Copying 0 resource
2018-12-16 21:25:56,559 [Worker-18: Building workspace] INFO  o.e.m.c.i.embedder.EclipseLogger - Copying 6 resources
2018-12-16 21:25:56,905 [Worker-18: Building workspace] INFO  o.e.m.c.i.embedder.EclipseLogger - Using 'UTF-8' encoding to copy filtered resources.
2018-12-16 21:25:56,915 [Worker-18: Building workspace] INFO  o.e.m.c.i.embedder.EclipseLogger - skip non existing resourceDirectory C:\Users\Crippy\Documents\ZapicWebsite\ZapicWebsite\src\test\resources
2018-12-16 22:45:21,100 [Worker-22: Building workspace] INFO  o.e.m.c.i.embedder.EclipseLogger - Using 'UTF-8' encoding to copy filtered resources.
2018-12-16 22:45:21,169 [Worker-22: Building workspace] INFO  o.e.m.c.i.embedder.EclipseLogger - Copying 1 resource
2018-12-16 22:45:21,216 [Worker-22: Building workspace] INFO  o.e.m.c.i.embedder.EclipseLogger - Copying 39 resources
2018-12-16 22:45:21,269 [Worker-22: Building workspace] INFO  o.e.m.c.i.embedder.EclipseLogger - Using 'UTF-8' encoding to copy filtered resources.
2018-12-16 22:45:21,269 [Worker-22: Building workspace] INFO  o.e.m.c.i.embedder.EclipseLogger - skip non existing resourceDirectory C:\Users\Crippy\Documents\ZapicWebsite\ZapicWebsite\src\test\resources
2018-12-16 22:45:38,651 [Worker-32: Building workspace] INFO  o.e.m.c.i.embedder.EclipseLogger - Using 'UTF-8' encoding to copy filtered resources.
2018-12-16 22:45:38,661 [Worker-32: Building workspace] INFO  o.e.m.c.i.embedder.EclipseLogger - Copying 1 resource
2018-12-16 22:45:38,680 [Worker-32: Building workspace] INFO  o.e.m.c.i.embedder.EclipseLogger - Copying 39 resources
2018-12-16 22:45:38,692 [Worker-32: Building workspace] INFO  o.e.m.c.i.embedder.EclipseLogger - Using 'UTF-8' encoding to copy filtered resources.
2018-12-16 22:45:38,692 [Worker-32: Building workspace] INFO  o.e.m.c.i.embedder.EclipseLogger - skip non existing resourceDirectory C:\Users\Crippy\Documents\ZapicWebsite\ZapicWebsite\src\test\resources
2018-12-16 22:46:19,760 [Worker-15: Building workspace] INFO  o.e.m.c.i.embedder.EclipseLogger - Using 'UTF-8' encoding to copy filtered resources.
2018-12-16 22:46:19,779 [Worker-15: Building workspace] INFO  o.e.m.c.i.embedder.EclipseLogger - Copying 1 resource
2018-12-16 22:46:19,791 [Worker-15: Building workspace] INFO  o.e.m.c.i.embedder.EclipseLogger - Copying 39 resources
2018-12-16 22:46:19,839 [Worker-15: Building workspace] INFO  o.e.m.c.i.embedder.EclipseLogger - Using 'UTF-8' encoding to copy filtered resources.
2018-12-16 22:46:19,839 [Worker-15: Building workspace] INFO  o.e.m.c.i.embedder.EclipseLogger - skip non existing resourceDirectory C:\Users\Crippy\Documents\ZapicWebsite\ZapicWebsite\src\test\resources
2018-12-16 22:46:48,556 [Worker-22: Building workspace] INFO  o.e.m.c.i.embedder.EclipseLogger - Using 'UTF-8' encoding to copy filtered resources.
2018-12-16 22:46:48,576 [Worker-22: Building workspace] INFO  o.e.m.c.i.embedder.EclipseLogger - Copying 1 resource
2018-12-16 22:46:48,617 [Worker-22: Building workspace] INFO  o.e.m.c.i.embedder.EclipseLogger - Copying 39 resources
2018-12-16 22:46:48,665 [Worker-22: Building workspace] INFO  o.e.m.c.i.embedder.EclipseLogger - Using 'UTF-8' encoding to copy filtered resources.
2018-12-16 22:46:48,695 [Worker-22: Building workspace] INFO  o.e.m.c.i.embedder.EclipseLogger - skip non existing resourceDirectory C:\Users\Crippy\Documents\ZapicWebsite\ZapicWebsite\src\test\resources
2018-12-16 22:48:00,330 [Worker-32: Building workspace] INFO  o.e.m.c.i.embedder.EclipseLogger - Using 'UTF-8' encoding to copy filtered resources.
2018-12-16 22:48:00,421 [Worker-32: Building workspace] INFO  o.e.m.c.i.embedder.EclipseLogger - Copying 1 resource
2018-12-16 22:48:00,520 [Worker-32: Building workspace] INFO  o.e.m.c.i.embedder.EclipseLogger - Copying 39 resources
2018-12-16 22:48:00,735 [Worker-32: Building workspace] INFO  o.e.m.c.i.embedder.EclipseLogger - Using 'UTF-8' encoding to copy filtered resources.
2018-12-16 22:48:00,735 [Worker-32: Building workspace] INFO  o.e.m.c.i.embedder.EclipseLogger - skip non existing resourceDirectory C:\Users\Crippy\Documents\ZapicWebsite\ZapicWebsite\src\test\resources
2018-12-16 23:04:59,695 [Worker-33: Building workspace] INFO  o.e.m.c.i.embedder.EclipseLogger - Using 'UTF-8' encoding to copy filtered resources.
2018-12-16 23:04:59,711 [Worker-33: Building workspace] INFO  o.e.m.c.i.embedder.EclipseLogger - Copying 1 resource
2018-12-16 23:04:59,719 [Worker-33: Building workspace] INFO  o.e.m.c.i.embedder.EclipseLogger - Copying 39 resources
2018-12-16 23:04:59,738 [Worker-33: Building workspace] INFO  o.e.m.c.i.embedder.EclipseLogger - Using 'UTF-8' encoding to copy filtered resources.
2018-12-16 23:04:59,841 [Worker-33: Building workspace] INFO  o.e.m.c.i.embedder.EclipseLogger - skip non existing resourceDirectory C:\Users\Crippy\Documents\ZapicWebsite\ZapicWebsite\src\test\resources
2018-12-16 23:29:29,227 [Worker-33: Building workspace] INFO  o.e.m.c.i.embedder.EclipseLogger - Using 'UTF-8' encoding to copy filtered resources.
2018-12-16 23:29:29,266 [Worker-33: Building workspace] INFO  o.e.m.c.i.embedder.EclipseLogger - Copying 1 resource
2018-12-16 23:29:29,308 [Worker-33: Building workspace] INFO  o.e.m.c.i.embedder.EclipseLogger - Copying 39 resources
2018-12-16 23:29:29,398 [Worker-33: Building workspace] INFO  o.e.m.c.i.embedder.EclipseLogger - Using 'UTF-8' encoding to copy filtered resources.
2018-12-16 23:29:29,398 [Worker-33: Building workspace] INFO  o.e.m.c.i.embedder.EclipseLogger - skip non existing resourceDirectory C:\Users\Crippy\Documents\ZapicWebsite\ZapicWebsite\src\test\resources
2018-12-17 00:07:17,146 [Worker-33: Building workspace] INFO  o.e.m.c.i.embedder.EclipseLogger - Using 'UTF-8' encoding to copy filtered resources.
2018-12-17 00:07:17,158 [Worker-33: Building workspace] INFO  o.e.m.c.i.embedder.EclipseLogger - Copying 1 resource
2018-12-17 00:07:17,217 [Worker-33: Building workspace] INFO  o.e.m.c.i.embedder.EclipseLogger - Copying 39 resources
2018-12-17 00:07:17,269 [Worker-33: Building workspace] INFO  o.e.m.c.i.embedder.EclipseLogger - Using 'UTF-8' encoding to copy filtered resources.
2018-12-17 00:07:17,298 [Worker-33: Building workspace] INFO  o.e.m.c.i.embedder.EclipseLogger - skip non existing resourceDirectory C:\Users\Crippy\Documents\ZapicWebsite\ZapicWebsite\src\test\resources
